c:\users\dyn\desktop\pinball_final\pinball\x64\release\vc140.pdb
c:\users\dyn\desktop\pinball_final\pinball\x64\release\vector2d.obj
c:\users\dyn\desktop\pinball_final\pinball\x64\release\texturemanager.obj
c:\users\dyn\desktop\pinball_final\pinball\x64\release\roundbumper.obj
c:\users\dyn\desktop\pinball_final\pinball\x64\release\rotationmat.obj
c:\users\dyn\desktop\pinball_final\pinball\x64\release\rectphys.obj
c:\users\dyn\desktop\pinball_final\pinball\x64\release\rectanglebumper.obj
c:\users\dyn\desktop\pinball_final\pinball\x64\release\rect.obj
c:\users\dyn\desktop\pinball_final\pinball\x64\release\randomiser.obj
c:\users\dyn\desktop\pinball_final\pinball\x64\release\physicsshape.obj
c:\users\dyn\desktop\pinball_final\pinball\x64\release\paddle.obj
c:\users\dyn\desktop\pinball_final\pinball\x64\release\obbphys.obj
c:\users\dyn\desktop\pinball_final\pinball\x64\release\obb.obj
c:\users\dyn\desktop\pinball_final\pinball\x64\release\manifold.obj
c:\users\dyn\desktop\pinball_final\pinball\x64\release\main.obj
c:\users\dyn\desktop\pinball_final\pinball\x64\release\circlephys.obj
c:\users\dyn\desktop\pinball_final\pinball\x64\release\bumper.obj
c:\users\dyn\desktop\pinball_final\pinball\x64\release\body.obj
c:\users\dyn\desktop\pinball_final\pinball\x64\release\ball.obj
c:\users\dyn\desktop\pinball_final\pinball\x64\release\pinball.tlog\cl.command.1.tlog
c:\users\dyn\desktop\pinball_final\pinball\x64\release\pinball.tlog\cl.read.1.tlog
c:\users\dyn\desktop\pinball_final\pinball\x64\release\pinball.tlog\cl.write.1.tlog
c:\users\dyn\desktop\pinball_final\pinball\x64\release\pinball.tlog\link.command.1.tlog
c:\users\dyn\desktop\pinball_final\pinball\x64\release\pinball.tlog\link.read.1.tlog
c:\users\dyn\desktop\pinball_final\pinball\x64\release\pinball.tlog\link.write.1.tlog
