c:\users\dyn\desktop\pinball_final\pinball\x64\debug\vc140.pdb
c:\users\dyn\desktop\pinball_final\pinball\x64\debug\vc140.idb
c:\users\dyn\desktop\pinball_final\pinball\x64\debug\ball.obj
c:\users\dyn\desktop\pinball_final\pinball\x64\debug\body.obj
c:\users\dyn\desktop\pinball_final\pinball\x64\debug\bumper.obj
c:\users\dyn\desktop\pinball_final\pinball\x64\debug\circlephys.obj
c:\users\dyn\desktop\pinball_final\pinball\x64\debug\main.obj
c:\users\dyn\desktop\pinball_final\pinball\x64\debug\manifold.obj
c:\users\dyn\desktop\pinball_final\pinball\x64\debug\obb.obj
c:\users\dyn\desktop\pinball_final\pinball\x64\debug\obbphys.obj
c:\users\dyn\desktop\pinball_final\pinball\x64\debug\paddle.obj
c:\users\dyn\desktop\pinball_final\pinball\x64\debug\physicsshape.obj
c:\users\dyn\desktop\pinball_final\pinball\x64\debug\randomiser.obj
c:\users\dyn\desktop\pinball_final\pinball\x64\debug\rect.obj
c:\users\dyn\desktop\pinball_final\pinball\x64\debug\rectanglebumper.obj
c:\users\dyn\desktop\pinball_final\pinball\x64\debug\rectphys.obj
c:\users\dyn\desktop\pinball_final\pinball\x64\debug\rotationmat.obj
c:\users\dyn\desktop\pinball_final\pinball\x64\debug\roundbumper.obj
c:\users\dyn\desktop\pinball_final\pinball\x64\debug\texturemanager.obj
c:\users\dyn\desktop\pinball_final\pinball\x64\debug\vector2d.obj
c:\users\dyn\desktop\pinball_final\pinball\x64\debug\pinball.ilk
c:\users\dyn\desktop\pinball_final\pinball\x64\debug\pinball.exe
c:\users\dyn\desktop\pinball_final\pinball\x64\debug\pinball.pdb
c:\users\dyn\desktop\pinball_final\pinball\x64\debug\pinball.lib
c:\users\dyn\desktop\pinball_final\pinball\x64\debug\pinball.exp
c:\users\dyn\desktop\pinball_final\pinball\x64\debug\pinball.tlog\cl.command.1.tlog
c:\users\dyn\desktop\pinball_final\pinball\x64\debug\pinball.tlog\cl.read.1.tlog
c:\users\dyn\desktop\pinball_final\pinball\x64\debug\pinball.tlog\cl.write.1.tlog
c:\users\dyn\desktop\pinball_final\pinball\x64\debug\pinball.tlog\link.command.1.tlog
c:\users\dyn\desktop\pinball_final\pinball\x64\debug\pinball.tlog\link.read.1.tlog
c:\users\dyn\desktop\pinball_final\pinball\x64\debug\pinball.tlog\link.write.1.tlog
c:\users\dyn\desktop\pinball_final\pinball\x64\debug\pinball.tlog\pinball.write.1u.tlog
